<?xml version="1.0" encoding="UTF-8"?>
<testsuite name="GameTest" tests="5" skipped="0" failures="0" errors="0" timestamp="2026-05-24T06:36:54.244Z" hostname="Ishans-MacBook-Pro.local" time="681.896">
  <properties/>
  <testcase name="test2Feature2" classname="GameTest" time="106.823"/>
  <testcase name="test4Feature3" classname="GameTest" time="194.913"/>
  <testcase name="test1Feature1" classname="GameTest" time="148.738"/>
  <testcase name="test3Feature2" classname="GameTest" time="150.269"/>
  <testcase name="test5Feature3" classname="GameTest" time="81.144"/>
  <system-out><![CDATA[hands[0]: [6S,5S,4S,3S,11H,7H,3H,12D,3D,2D,7C,6C]
hands[1]: [10S,12H,10H,6H,11D,4D,13C,11C,10C,9C,5C,3C]
hands[2]: [13S,11S,9S,2S,9H,4H,2H,13D,8D,12C,4C,2C]
hands[3]: [12S,8S,7S,13H,8H,5H,10D,9D,7D,6D,5D,8C]
. Player2 Pass.
. Player2 Pass.
pile north: [7H,6C,7C,11D]
pile north is Attack: 10 - Defence: 7
pile south: [6H,7S,9C,8S,13D,12S]
pile south is Attack: 15 - Defence: 31
Character 0 attack on character 1 failed.
Character 1 attack on character 0 succeeded.
. Player2 Pass.
pile north: [4H,3S,5S,10D]
pile north is Attack: 4 - Defence: 2
pile south: [13H,5C,8C,10S,8D,12D,11C]
pile south is Attack: 43 - Defence: 2
Character 0 attack on character 1 succeeded.
Character 1 attack on character 0 succeeded.
Result: Players 1 and 3 won.
hands[0]: [11S,6S,5S,3S,11H,7H,3H,12D,3D,2D,7C,6C]
hands[1]: [10S,4S,12H,10H,6H,11D,4D,13C,11C,10C,9C,3C]
hands[2]: [13S,9S,2S,9H,4H,2H,13D,8D,12C,5C,4C,2C]
hands[3]: [12S,8S,7S,13H,8H,5H,10D,9D,7D,6D,5D,8C]
DEBUG before smart context: player=2, pileOwners=[0, 1], piles[0]=[3H], piles[1]=[6H]
DEBUG before smart context: player=2, pileOwners=[0, 1], piles[0]=[3H,12C,6S], piles[1]=[6H,7S,10S]
DEBUG before smart context: player=2, pileOwners=[0, 1], piles[0]=[3H,12C,6S,6D,7C,11D], piles[1]=[6H,7S,10S,13D]
pile north: [3H,12C,6S,6D,7C,11D,13S]
pile north is Attack: 10 - Defence: 20
pile south: [6H,7S,10S,13D,12S]
pile south is Attack: 6 - Defence: 23
Character 0 attack on character 1 failed.
Character 1 attack character 0 failed.
DEBUG before smart context: player=2, pileOwners=[2, 1], piles[0]=[2H,6C], piles[1]=[10H,8C,4S]
DEBUG before smart context: player=2, pileOwners=[2, 1], piles[0]=[2H,6C,5S], piles[1]=[10H,8C,4S,8D,8S,11C]
pile north: [2H,6C,5S,5C,10D]
pile north is Attack: 8 - Defence: 7
pile south: [10H,8C,4S,8D,8S,11C,12D]
pile south is Attack: 8 - Defence: 22
Character 0 attack on character 1 failed.
Character 1 attack on character 0 succeeded.
Result: Players 1 and 3 won.
hands[0]: [6S,5S,4S,3S,11H,7H,3H,12D,3D,2D,7C,6C]
hands[1]: [10S,12H,10H,6H,11D,4D,13C,11C,10C,9C,5C,3C]
hands[2]: [13S,11S,9S,2S,9H,4H,2H,13D,8D,12C,4C,2C]
hands[3]: [12S,8S,7S,13H,8H,5H,10D,9D,7D,6D,5D,8C]
pile north: [9H,9S,6C,11D,7C]
pile north is Attack: 12 - Defence: 27
pile south: [6H,7S,6S,9C,8S,13D,12S]
pile south is Attack: 15 - Defence: 37
Character 0 attack on character 1 failed.
Character 1 attack character 0 failed.
pile north: [4H,3S,11S,5S,13S,10D]
pile north is Attack: 4 - Defence: 12
pile south: [13H,5C,8C,10S,12D,11C]
pile south is Attack: 43 - Defence: 0
Character 0 attack on character 1 succeeded.
Character 1 attack on character 0 succeeded.
Result: Players 0 and 2 won.
hands[0]: [6S,5S,4S,3S,11H,7H,3H,13D,12D,3D,7C,6C]
hands[1]: [10S,12H,10H,6H,11D,4D,13C,11C,10C,9C,5C,3C]
hands[2]: [13S,11S,9S,2S,9H,4H,2H,8D,2D,12C,4C,2C]
hands[3]: [12S,8S,7S,13H,8H,5H,10D,9D,7D,6D,5D,8C]
. Player2 Pass.
. Player2 Pass.
pile north: [7H,6C,7C,11D,12C]
pile north is Attack: 30 - Defence: 7
pile south: [6H,7S,9C,8S,12S]
pile south is Attack: 15 - Defence: 31
Character 0 attack on character 1 failed.
Character 1 attack on character 0 succeeded.
pile north: [4H,3S,11S,5S,2C,10D]
pile north is Attack: 0 - Defence: 22
pile south: [13H,5C,8C,10S,12D,11C]
pile south is Attack: 43 - Defence: 0
Character 0 attack on character 1 failed.
Character 1 attack on character 0 succeeded.
Result: Players 1 and 3 won.
hands[0]: [11S,6S,3S,11H,7H,3H,12D,3D,2D,9C,6C,3C]
hands[1]: [10S,12H,10H,6H,11D,4D,13C,11C,10C,7C,5C,2C]
hands[2]: [13S,9S,5S,4S,2S,9H,4H,2H,13D,8D,7D,4C]
hands[3]: [12S,8S,7S,13H,8H,5H,10D,9D,6D,5D,12C,8C]
DEBUG before smart context: player=2, pileOwners=[0, 1], piles[0]=[3H], piles[1]=[6H]
DEBUG before smart context: player=2, pileOwners=[0, 1], piles[0]=[3H,4C,6C,7C], piles[1]=[6H,8C]
DEBUG before smart context: player=2, pileOwners=[0, 1], piles[0]=[3H,4C,6C,7C,6S], piles[1]=[6H,8C,8D,8S,5C]
. Player2 Pass.
pile north: [3H,4C,6C,7C,6S]
pile north is Attack: 20 - Defence: 9
pile south: [6H,8C,8D,8S,5C,7S]
pile south is Attack: 5 - Defence: 29
Character 0 attack on character 1 failed.
Character 1 attack character 0 failed.
DEBUG before smart context: player=2, pileOwners=[0, 1], piles[0]=[7H], piles[1]=[10H]
. Player2 Pass.
DEBUG before smart context: player=2, pileOwners=[0, 1], piles[0]=[7H,3C], piles[1]=[10H,12C,2C]
DEBUG before smart context: player=2, pileOwners=[0, 1], piles[0]=[7H,3C,2S,5D,3S], piles[1]=[10H,12C,2C,10S]
pile north: [7H,3C,2S,5D,3S]
pile north is Attack: 10 - Defence: 7
pile south: [10H,12C,2C,10S,13D,12S]
pile south is Attack: 32 - Defence: 20
Character 0 attack on character 1 failed.
Character 1 attack on character 0 succeeded.
Result: Players 1 and 3 won.
]]></system-out>
  <system-err><![CDATA[]]></system-err>
</testsuite>
